2021-04-13 10:03:07.545 [main] INFO  [com.jskj.springboot.Application:48] maincid - Starting Application on LAPTOP-H50N1EIE with PID 7756 (D:\java\pro\hospit\target\classes started by 16409 in D:\java\pro\hospit)
2021-04-13 10:03:07.547 [main] INFO  [com.jskj.springboot.Application:662] maincid - No active profile set, falling back to default profiles: default
2021-04-13 10:03:07.580 [main] INFO  [org.springframework.boot.context.embedded.AnnotationConfigEmbeddedWebApplicationContext:583] maincid - Refreshing org.springframework.boot.context.embedded.AnnotationConfigEmbeddedWebApplicationContext@2b46a8c1: startup date [Tue Apr 13 10:03:07 CST 2021]; root of context hierarchy
2021-04-13 10:03:07.616 [background-preinit] INFO  [org.hibernate.validator.internal.util.Version:30] background-preinitcid - HV000001: Hibernate Validator 5.2.5.Final
2021-04-13 10:03:08.761 [main] INFO  [org.springframework.data.repository.config.RepositoryConfigurationDelegate:170] maincid - Multiple Spring Data modules found, entering strict repository configuration mode!
2021-04-13 10:03:09.481 [main] INFO  [org.springframework.boot.context.embedded.tomcat.TomcatEmbeddedServletContainer:89] maincid - Tomcat initialized with port(s): 8081 (http)
2021-04-13 10:03:09.490 [main] INFO  [org.apache.catalina.core.StandardService:179] maincid - Starting service [Tomcat]
2021-04-13 10:03:09.491 [main] INFO  [org.apache.catalina.core.StandardEngine:179] maincid - Starting Servlet Engine: Apache Tomcat/8.5.15
2021-04-13 10:03:09.566 [localhost-startStop-1] INFO  [org.apache.catalina.core.ContainerBase.[Tomcat].[localhost].[/]:179] localhost-startStop-1cid - Initializing Spring embedded WebApplicationContext
2021-04-13 10:03:09.566 [localhost-startStop-1] INFO  [org.springframework.web.context.ContextLoader:276] localhost-startStop-1cid - Root WebApplicationContext: initialization completed in 1993 ms
2021-04-13 10:03:09.728 [localhost-startStop-1] INFO  [org.springframework.boot.web.servlet.ServletRegistrationBean:190] localhost-startStop-1cid - Mapping servlet: 'statViewServlet' to [/druid/*]
2021-04-13 10:03:09.729 [localhost-startStop-1] INFO  [org.springframework.boot.web.servlet.ServletRegistrationBean:190] localhost-startStop-1cid - Mapping servlet: 'dispatcherServlet' to [/]
2021-04-13 10:03:09.732 [localhost-startStop-1] INFO  [org.springframework.boot.web.servlet.FilterRegistrationBean:258] localhost-startStop-1cid - Mapping filter: 'characterEncodingFilter' to: [/*]
2021-04-13 10:03:09.732 [localhost-startStop-1] INFO  [org.springframework.boot.web.servlet.FilterRegistrationBean:258] localhost-startStop-1cid - Mapping filter: 'hiddenHttpMethodFilter' to: [/*]
2021-04-13 10:03:09.732 [localhost-startStop-1] INFO  [org.springframework.boot.web.servlet.FilterRegistrationBean:258] localhost-startStop-1cid - Mapping filter: 'httpPutFormContentFilter' to: [/*]
2021-04-13 10:03:09.733 [localhost-startStop-1] INFO  [org.springframework.boot.web.servlet.FilterRegistrationBean:258] localhost-startStop-1cid - Mapping filter: 'requestContextFilter' to: [/*]
2021-04-13 10:03:10.059 [main] INFO  [com.alibaba.druid.pool.DruidDataSource:106] maincid - {dataSource-1} inited
2021-04-13 10:03:10.445 [main] INFO  [org.springframework.web.servlet.mvc.method.annotation.RequestMappingHandlerAdapter:534] maincid - Looking for @ControllerAdvice: org.springframework.boot.context.embedded.AnnotationConfigEmbeddedWebApplicationContext@2b46a8c1: startup date [Tue Apr 13 10:03:07 CST 2021]; root of context hierarchy
2021-04-13 10:03:10.479 [main] INFO  [org.springframework.web.servlet.mvc.method.annotation.RequestMappingHandlerMapping:543] maincid - Mapped "{[/article/save]}" onto public java.lang.String com.jskj.springboot.controller.ArticleController.save(javax.servlet.http.HttpServletRequest,java.lang.String,java.lang.String,java.lang.String)
2021-04-13 10:03:10.479 [main] INFO  [org.springframework.web.servlet.mvc.method.annotation.RequestMappingHandlerMapping:543] maincid - Mapped "{[/article/getArticleBytitle]}" onto public java.util.Map<java.lang.String, java.lang.Object> com.jskj.springboot.controller.ArticleController.getArticleBytitle(javax.servlet.http.HttpServletRequest,org.springframework.ui.ModelMap,int)
2021-04-13 10:03:10.480 [main] INFO  [org.springframework.web.servlet.mvc.method.annotation.RequestMappingHandlerMapping:543] maincid - Mapped "{[/article/addArticle]}" onto public java.lang.String com.jskj.springboot.controller.ArticleController.addArticle(javax.servlet.http.HttpServletRequest,org.springframework.ui.ModelMap)
2021-04-13 10:03:10.480 [main] INFO  [org.springframework.web.servlet.mvc.method.annotation.RequestMappingHandlerMapping:543] maincid - Mapped "{[/article/show]}" onto public com.jskj.springboot.utils.MessageInfo<java.lang.Object> com.jskj.springboot.controller.ArticleController.showAr(org.springframework.ui.ModelMap)
2021-04-13 10:03:10.480 [main] INFO  [org.springframework.web.servlet.mvc.method.annotation.RequestMappingHandlerMapping:543] maincid - Mapped "{[/article/showArticle]}" onto public java.lang.String com.jskj.springboot.controller.ArticleController.showArticle(javax.servlet.http.HttpServletRequest,org.springframework.ui.ModelMap)
2021-04-13 10:03:10.480 [main] INFO  [org.springframework.web.servlet.mvc.method.annotation.RequestMappingHandlerMapping:543] maincid - Mapped "{[/article/getArticles]}" onto public java.util.Map<java.lang.String, java.lang.Object> com.jskj.springboot.controller.ArticleController.getArticles(javax.servlet.http.HttpServletRequest,org.springframework.ui.ModelMap)
2021-04-13 10:03:10.481 [main] INFO  [org.springframework.web.servlet.mvc.method.annotation.RequestMappingHandlerMapping:543] maincid - Mapped "{[/gys/saveGys],methods=[POST]}" onto public com.jskj.springboot.utils.MessageInfo<java.lang.Object> com.jskj.springboot.controller.SupplierController.saveSupplier(javax.servlet.http.HttpServletRequest,org.springframework.ui.ModelMap,java.util.Map<java.lang.String, java.lang.Object>)
2021-04-13 10:03:10.481 [main] INFO  [org.springframework.web.servlet.mvc.method.annotation.RequestMappingHandlerMapping:543] maincid - Mapped "{[/gys/findSupplier],methods=[POST]}" onto public com.jskj.springboot.pojo.Supplier com.jskj.springboot.controller.SupplierController.findSupplier(javax.servlet.http.HttpServletRequest,org.springframework.ui.ModelMap)
2021-04-13 10:03:10.481 [main] INFO  [org.springframework.web.servlet.mvc.method.annotation.RequestMappingHandlerMapping:543] maincid - Mapped "{[/gys/supplier]}" onto public java.lang.String com.jskj.springboot.controller.SupplierController.show()
2021-04-13 10:03:10.483 [main] INFO  [org.springframework.web.servlet.mvc.method.annotation.RequestMappingHandlerMapping:543] maincid - Mapped "{[/home]}" onto public java.lang.String com.jskj.springboot.controller.UserController.index(javax.servlet.http.HttpServletRequest,org.springframework.ui.ModelMap,java.lang.String,java.lang.String)
2021-04-13 10:03:10.483 [main] INFO  [org.springframework.web.servlet.mvc.method.annotation.RequestMappingHandlerMapping:543] maincid - Mapped "{[/regist]}" onto public com.jskj.springboot.utils.MessageInfo<java.lang.Object> com.jskj.springboot.controller.UserController.register(javax.servlet.http.HttpServletRequest,org.springframework.ui.ModelMap,java.util.Map<java.lang.String, java.lang.Object>)
2021-04-13 10:03:10.483 [main] INFO  [org.springframework.web.servlet.mvc.method.annotation.RequestMappingHandlerMapping:543] maincid - Mapped "{[/]}" onto public java.lang.String com.jskj.springboot.controller.UserController.tologin(javax.servlet.http.HttpServletRequest,org.springframework.ui.ModelMap)
2021-04-13 10:03:10.483 [main] INFO  [org.springframework.web.servlet.mvc.method.annotation.RequestMappingHandlerMapping:543] maincid - Mapped "{[/vue]}" onto public java.lang.String com.jskj.springboot.controller.UserController.vue(javax.servlet.http.HttpServletRequest,org.springframework.ui.ModelMap,java.lang.String,java.lang.String)
2021-04-13 10:03:10.484 [main] INFO  [org.springframework.web.servlet.mvc.method.annotation.RequestMappingHandlerMapping:543] maincid - Mapped "{[/getUsers]}" onto public com.jskj.springboot.utils.MessageInfo<java.lang.Object> com.jskj.springboot.controller.UserController.getUsers(javax.servlet.http.HttpServletRequest,org.springframework.ui.ModelMap)
2021-04-13 10:03:10.484 [main] INFO  [org.springframework.web.servlet.mvc.method.annotation.RequestMappingHandlerMapping:543] maincid - Mapped "{[/homePage]}" onto public java.lang.String com.jskj.springboot.controller.UserController.homePage(javax.servlet.http.HttpServletRequest,org.springframework.ui.ModelMap)
2021-04-13 10:03:10.484 [main] INFO  [org.springframework.web.servlet.mvc.method.annotation.RequestMappingHandlerMapping:543] maincid - Mapped "{[/logout]}" onto public java.lang.String com.jskj.springboot.controller.UserController.logout(javax.servlet.http.HttpServletRequest,org.springframework.ui.ModelMap)
2021-04-13 10:03:10.484 [main] INFO  [org.springframework.web.servlet.mvc.method.annotation.RequestMappingHandlerMapping:543] maincid - Mapped "{[/login],methods=[POST]}" onto public com.jskj.springboot.utils.MessageInfo<java.lang.Object> com.jskj.springboot.controller.UserController.login(javax.servlet.http.HttpServletRequest,org.springframework.ui.ModelMap,java.util.Map<java.lang.String, java.lang.Object>)
2021-04-13 10:03:10.484 [main] INFO  [org.springframework.web.servlet.mvc.method.annotation.RequestMappingHandlerMapping:543] maincid - Mapped "{[/index]}" onto public java.lang.String com.jskj.springboot.controller.UserController.login(javax.servlet.http.HttpServletRequest,org.springframework.ui.ModelMap)
2021-04-13 10:03:10.485 [main] INFO  [org.springframework.web.servlet.mvc.method.annotation.RequestMappingHandlerMapping:543] maincid - Mapped "{[/zzshow]}" onto public java.lang.String com.jskj.springboot.controller.ZzglController.zzshow(org.springframework.ui.ModelMap)
2021-04-13 10:03:10.485 [main] INFO  [org.springframework.web.servlet.mvc.method.annotation.RequestMappingHandlerMapping:543] maincid - Mapped "{[/zzmxshow]}" onto public java.lang.String com.jskj.springboot.controller.ZzglController.zzmxshow(org.springframework.ui.ModelMap)
2021-04-13 10:03:10.485 [main] INFO  [org.springframework.web.servlet.mvc.method.annotation.RequestMappingHandlerMapping:543] maincid - Mapped "{[/listjson]}" onto public java.util.Map<java.lang.String, java.lang.Object> com.jskj.springboot.controller.ZzglController.getlistjsonGq(org.springframework.ui.ModelMap,java.lang.String)
2021-04-13 10:03:10.485 [main] INFO  [org.springframework.web.servlet.mvc.method.annotation.RequestMappingHandlerMapping:543] maincid - Mapped "{[/zzglshow]}" onto public java.lang.String com.jskj.springboot.controller.ZzglController.zzglshow(org.springframework.ui.ModelMap)
2021-04-13 10:03:10.485 [main] INFO  [org.springframework.web.servlet.mvc.method.annotation.RequestMappingHandlerMapping:543] maincid - Mapped "{[/listjsongq]}" onto public java.util.Map<java.lang.String, java.lang.Object> com.jskj.springboot.controller.ZzglController.listjson(org.springframework.ui.ModelMap,java.lang.String)
2021-04-13 10:03:10.486 [main] INFO  [org.springframework.web.servlet.mvc.method.annotation.RequestMappingHandlerMapping:543] maincid - Mapped "{[/error]}" onto public org.springframework.http.ResponseEntity<java.util.Map<java.lang.String, java.lang.Object>> org.springframework.boot.autoconfigure.web.BasicErrorController.error(javax.servlet.http.HttpServletRequest)
2021-04-13 10:03:10.487 [main] INFO  [org.springframework.web.servlet.mvc.method.annotation.RequestMappingHandlerMapping:543] maincid - Mapped "{[/error],produces=[text/html]}" onto public org.springframework.web.servlet.ModelAndView org.springframework.boot.autoconfigure.web.BasicErrorController.errorHtml(javax.servlet.http.HttpServletRequest,javax.servlet.http.HttpServletResponse)
2021-04-13 10:03:10.504 [main] INFO  [org.springframework.web.servlet.handler.SimpleUrlHandlerMapping:362] maincid - Mapped URL path [/webjars/**] onto handler of type [class org.springframework.web.servlet.resource.ResourceHttpRequestHandler]
2021-04-13 10:03:10.505 [main] INFO  [org.springframework.web.servlet.handler.SimpleUrlHandlerMapping:362] maincid - Mapped URL path [/**] onto handler of type [class org.springframework.web.servlet.resource.ResourceHttpRequestHandler]
2021-04-13 10:03:10.514 [main] INFO  [org.springframework.web.servlet.mvc.method.annotation.ExceptionHandlerExceptionResolver:273] maincid - Detected @ExceptionHandler methods in globalExceptionHanlder
2021-04-13 10:03:10.526 [main] INFO  [org.springframework.web.servlet.handler.SimpleUrlHandlerMapping:362] maincid - Mapped URL path [/**/favicon.ico] onto handler of type [class org.springframework.web.servlet.resource.ResourceHttpRequestHandler]
2021-04-13 10:03:10.677 [main] INFO  [org.springframework.web.servlet.view.freemarker.FreeMarkerConfigurer:127] maincid - ClassTemplateLoader for Spring macros added to FreeMarker configuration
2021-04-13 10:03:10.733 [main] WARN  [org.springframework.boot.starter.redis.RedisStarterDeprecationWarningAutoConfiguration:43] maincid - spring-boot-starter-redis is deprecated as of Spring Boot 1.4, please migrate to spring-boot-starter-data-redis
2021-04-13 10:03:10.785 [main] INFO  [org.springframework.jmx.export.annotation.AnnotationMBeanExporter:431] maincid - Registering beans for JMX exposure on startup
2021-04-13 10:03:10.786 [main] INFO  [org.springframework.jmx.export.annotation.AnnotationMBeanExporter:916] maincid - Bean with name 'dataSource' has been autodetected for JMX exposure
2021-04-13 10:03:10.786 [main] INFO  [org.springframework.jmx.export.annotation.AnnotationMBeanExporter:916] maincid - Bean with name 'statFilter' has been autodetected for JMX exposure
2021-04-13 10:03:10.789 [main] INFO  [org.springframework.jmx.export.annotation.AnnotationMBeanExporter:671] maincid - Located MBean 'dataSource': registering with JMX server as MBean [com.alibaba.druid.pool:name=dataSource,type=DruidDataSource]
2021-04-13 10:03:10.790 [main] INFO  [org.springframework.jmx.export.annotation.AnnotationMBeanExporter:671] maincid - Located MBean 'statFilter': registering with JMX server as MBean [com.alibaba.druid.filter.stat:name=statFilter,type=StatFilter]
2021-04-13 10:03:10.799 [main] INFO  [org.apache.coyote.http11.Http11NioProtocol:179] maincid - Initializing ProtocolHandler ["http-nio-8081"]
2021-04-13 10:03:10.804 [main] INFO  [org.apache.coyote.http11.Http11NioProtocol:179] maincid - Starting ProtocolHandler ["http-nio-8081"]
2021-04-13 10:03:10.814 [main] INFO  [org.apache.tomcat.util.net.NioSelectorPool:179] maincid - Using a shared selector for servlet write/read
2021-04-13 10:03:10.824 [main] INFO  [org.springframework.boot.context.embedded.tomcat.TomcatEmbeddedServletContainer:198] maincid - Tomcat started on port(s): 8081 (http)
2021-04-13 10:03:10.827 [main] INFO  [com.jskj.springboot.Application:57] maincid - Started Application in 3.585 seconds (JVM running for 5.328)
2021-04-13 10:03:16.206 [http-nio-8081-exec-1] INFO  [org.apache.catalina.core.ContainerBase.[Tomcat].[localhost].[/]:179] http-nio-8081-exec-1cid - Initializing Spring FrameworkServlet 'dispatcherServlet'
2021-04-13 10:03:16.206 [http-nio-8081-exec-1] INFO  [org.springframework.web.servlet.DispatcherServlet:489] http-nio-8081-exec-1cid - FrameworkServlet 'dispatcherServlet': initialization started
2021-04-13 10:03:16.221 [http-nio-8081-exec-1] INFO  [org.springframework.web.servlet.DispatcherServlet:508] http-nio-8081-exec-1cid - FrameworkServlet 'dispatcherServlet': initialization completed in 15 ms
2021-04-13 10:53:38.128 [http-nio-8081-exec-3] ERROR [com.jskj.springboot.common.GlobalExceptionHanlder:22] http-nio-8081-exec-3cid - null
java.lang.NullPointerException
	at com.jskj.springboot.filter.AuthActionInterceptor.preHandle(AuthActionInterceptor.java:41) ~[classes/:?]
	at org.springframework.web.servlet.HandlerExecutionChain.applyPreHandle(HandlerExecutionChain.java:133) ~[spring-webmvc-4.3.9.RELEASE.jar:4.3.9.RELEASE]
	at org.springframework.web.servlet.DispatcherServlet.doDispatch(DispatcherServlet.java:962) ~[spring-webmvc-4.3.9.RELEASE.jar:4.3.9.RELEASE]
	at org.springframework.web.servlet.DispatcherServlet.doService(DispatcherServlet.java:901) ~[spring-webmvc-4.3.9.RELEASE.jar:4.3.9.RELEASE]
	at org.springframework.web.servlet.FrameworkServlet.processRequest(FrameworkServlet.java:970) ~[spring-webmvc-4.3.9.RELEASE.jar:4.3.9.RELEASE]
	at org.springframework.web.servlet.FrameworkServlet.doPost(FrameworkServlet.java:872) ~[spring-webmvc-4.3.9.RELEASE.jar:4.3.9.RELEASE]
	at javax.servlet.http.HttpServlet.service(HttpServlet.java:661) ~[tomcat-embed-core-8.5.15.jar:8.5.15]
	at org.springframework.web.servlet.FrameworkServlet.service(FrameworkServlet.java:846) ~[spring-webmvc-4.3.9.RELEASE.jar:4.3.9.RELEASE]
	at javax.servlet.http.HttpServlet.service(HttpServlet.java:742) ~[tomcat-embed-core-8.5.15.jar:8.5.15]
	at org.apache.catalina.core.ApplicationFilterChain.internalDoFilter(ApplicationFilterChain.java:231) ~[tomcat-embed-core-8.5.15.jar:8.5.15]
	at org.apache.catalina.core.ApplicationFilterChain.doFilter(ApplicationFilterChain.java:166) ~[tomcat-embed-core-8.5.15.jar:8.5.15]
	at org.apache.catalina.core.ApplicationDispatcher.invoke(ApplicationDispatcher.java:728) ~[tomcat-embed-core-8.5.15.jar:8.5.15]
	at org.apache.catalina.core.ApplicationDispatcher.processRequest(ApplicationDispatcher.java:469) ~[tomcat-embed-core-8.5.15.jar:8.5.15]
	at org.apache.catalina.core.ApplicationDispatcher.doForward(ApplicationDispatcher.java:392) ~[tomcat-embed-core-8.5.15.jar:8.5.15]
	at org.apache.catalina.core.ApplicationDispatcher.forward(ApplicationDispatcher.java:311) ~[tomcat-embed-core-8.5.15.jar:8.5.15]
	at org.apache.catalina.core.StandardHostValve.custom(StandardHostValve.java:395) ~[tomcat-embed-core-8.5.15.jar:8.5.15]
	at org.apache.catalina.core.StandardHostValve.status(StandardHostValve.java:254) ~[tomcat-embed-core-8.5.15.jar:8.5.15]
	at org.apache.catalina.core.StandardHostValve.invoke(StandardHostValve.java:177) ~[tomcat-embed-core-8.5.15.jar:8.5.15]
	at org.apache.catalina.valves.ErrorReportValve.invoke(ErrorReportValve.java:80) ~[tomcat-embed-core-8.5.15.jar:8.5.15]
	at org.apache.catalina.core.StandardEngineValve.invoke(StandardEngineValve.java:87) ~[tomcat-embed-core-8.5.15.jar:8.5.15]
	at org.apache.catalina.connector.CoyoteAdapter.service(CoyoteAdapter.java:342) ~[tomcat-embed-core-8.5.15.jar:8.5.15]
	at org.apache.coyote.http11.Http11Processor.service(Http11Processor.java:799) ~[tomcat-embed-core-8.5.15.jar:8.5.15]
	at org.apache.coyote.AbstractProcessorLight.process(AbstractProcessorLight.java:66) ~[tomcat-embed-core-8.5.15.jar:8.5.15]
	at org.apache.coyote.AbstractProtocol$ConnectionHandler.process(AbstractProtocol.java:861) ~[tomcat-embed-core-8.5.15.jar:8.5.15]
	at org.apache.tomcat.util.net.NioEndpoint$SocketProcessor.doRun(NioEndpoint.java:1455) ~[tomcat-embed-core-8.5.15.jar:8.5.15]
	at org.apache.tomcat.util.net.SocketProcessorBase.run(SocketProcessorBase.java:49) ~[tomcat-embed-core-8.5.15.jar:8.5.15]
	at java.base/java.util.concurrent.ThreadPoolExecutor.runWorker(ThreadPoolExecutor.java:1128) [?:?]
	at java.base/java.util.concurrent.ThreadPoolExecutor$Worker.run(ThreadPoolExecutor.java:628) [?:?]
	at org.apache.tomcat.util.threads.TaskThread$WrappingRunnable.run(TaskThread.java:61) ~[tomcat-embed-core-8.5.15.jar:8.5.15]
	at java.base/java.lang.Thread.run(Thread.java:834) [?:?]
